<?xml version="1.0" encoding="UTF-8"?>
<testng-results ignored="0" total="1" passed="1" failed="0" skipped="0">
  <reporter-output>
  </reporter-output>
  <suite started-at="2022-07-14T19:34:26 IST" name="Suite" finished-at="2022-07-14T19:34:40 IST" duration-ms="13375">
    <groups>
      <group name="sanity">
        <method signature="LoginTest.validLogin()[pri:0, instance:com.RestaurentTests.LoginTest@7e7be63f]" name="validLogin" class="com.RestaurentTests.LoginTest"/>
      </group> <!-- sanity -->
    </groups>
    <test started-at="2022-07-14T19:34:26 IST" name="Test" finished-at="2022-07-14T19:34:40 IST" duration-ms="13375">
      <class name="com.RestaurentTests.LoginTest">
        <test-method is-config="true" signature="setup(java.lang.String)[pri:0, instance:com.RestaurentTests.LoginTest@7e7be63f]" started-at="2022-07-14T19:34:27 IST" name="setup" finished-at="2022-07-14T19:34:35 IST" duration-ms="8304" status="PASS">
          <params>
            <param index="0">
              <value>
                <![CDATA[chrome]]>
              </value>
            </param>
          </params>
          <reporter-output>
          </reporter-output>
        </test-method> <!-- setup -->
        <test-method signature="validLogin()[pri:0, instance:com.RestaurentTests.LoginTest@7e7be63f]" started-at="2022-07-14T19:34:35 IST" name="validLogin" finished-at="2022-07-14T19:34:39 IST" duration-ms="4650" status="PASS">
          <reporter-output>
          </reporter-output>
        </test-method> <!-- validLogin -->
        <test-method is-config="true" signature="quitBrowser()[pri:0, instance:com.RestaurentTests.LoginTest@7e7be63f]" started-at="2022-07-14T19:34:39 IST" name="quitBrowser" finished-at="2022-07-14T19:34:40 IST" duration-ms="376" status="PASS">
          <reporter-output>
          </reporter-output>
        </test-method> <!-- quitBrowser -->
      </class> <!-- com.RestaurentTests.LoginTest -->
    </test> <!-- Test -->
  </suite> <!-- Suite -->
</testng-results>
