<?xml version="1.0" encoding="UTF-8"?>
<testng-results ignored="8" total="9" passed="0" failed="1" skipped="0">
  <reporter-output>
  </reporter-output>
  <suite started-at="2022-07-06T20:52:53 IST" name="Suite" finished-at="2022-07-06T20:53:08 IST" duration-ms="14802">
    <groups>
    </groups>
    <test started-at="2022-07-06T20:52:53 IST" name="Test" finished-at="2022-07-06T20:53:08 IST" duration-ms="14802">
      <class name="com.RestaurentTests.WaiterTest">
        <test-method is-config="true" signature="setup(java.lang.String)[pri:0, instance:com.RestaurentTests.WaiterTest@48f278eb]" started-at="2022-07-06T20:52:53 IST" name="setup" finished-at="2022-07-06T20:53:07 IST" duration-ms="14231" status="PASS">
          <params>
            <param index="0">
              <value>
                <![CDATA[chrome]]>
              </value>
            </param>
          </params>
          <reporter-output>
          </reporter-output>
        </test-method> <!-- setup -->
        <test-method signature="excelRead()[pri:0, instance:com.RestaurentTests.WaiterTest@48f278eb]" started-at="2022-07-06T20:53:07 IST" name="excelRead" finished-at="2022-07-06T20:53:07 IST" duration-ms="37" status="FAIL">
          <exception class="java.io.FileNotFoundException">
            <message>
              <![CDATA[C:\Users\chinm\git\Selenium\RestaurentProject\src\main\resources (Access is denied)]]>
            </message>
            <full-stacktrace>
              <![CDATA[java.io.FileNotFoundException: C:\Users\chinm\git\Selenium\RestaurentProject\src\main\resources (Access is denied)
at java.base/java.io.FileInputStream.open0(Native Method)
at java.base/java.io.FileInputStream.open(FileInputStream.java:216)
at java.base/java.io.FileInputStream.<init>(FileInputStream.java:157)
at java.base/java.io.FileInputStream.<init>(FileInputStream.java:111)
at com.DataHandlers.ExcelUtility.setExcelFileSheet(ExcelUtility.java:32)
at com.RestaurentTests.WaiterTest.excelRead(WaiterTest.java:174)
at java.base/jdk.internal.reflect.NativeMethodAccessorImpl.invoke0(Native Method)
at java.base/jdk.internal.reflect.NativeMethodAccessorImpl.invoke(NativeMethodAccessorImpl.java:77)
at java.base/jdk.internal.reflect.DelegatingMethodAccessorImpl.invoke(DelegatingMethodAccessorImpl.java:43)
at java.base/java.lang.reflect.Method.invoke(Method.java:568)
at org.testng.internal.MethodInvocationHelper.invokeMethod(MethodInvocationHelper.java:133)
at org.testng.internal.TestInvoker.invokeMethod(TestInvoker.java:598)
at org.testng.internal.TestInvoker.invokeTestMethod(TestInvoker.java:173)
at org.testng.internal.MethodRunner.runInSequence(MethodRunner.java:46)
at org.testng.internal.TestInvoker$MethodInvocationAgent.invoke(TestInvoker.java:824)
at org.testng.internal.TestInvoker.invokeTestMethods(TestInvoker.java:146)
at org.testng.internal.TestMethodWorker.invokeTestMethods(TestMethodWorker.java:146)
at org.testng.internal.TestMethodWorker.run(TestMethodWorker.java:128)
at java.base/java.util.ArrayList.forEach(ArrayList.java:1511)
at org.testng.TestRunner.privateRun(TestRunner.java:794)
at org.testng.TestRunner.run(TestRunner.java:596)
at org.testng.SuiteRunner.runTest(SuiteRunner.java:377)
at org.testng.SuiteRunner.runSequentially(SuiteRunner.java:371)
at org.testng.SuiteRunner.privateRun(SuiteRunner.java:332)
at org.testng.SuiteRunner.run(SuiteRunner.java:276)
at org.testng.SuiteRunnerWorker.runSuite(SuiteRunnerWorker.java:53)
at org.testng.SuiteRunnerWorker.run(SuiteRunnerWorker.java:96)
at org.testng.TestNG.runSuitesSequentially(TestNG.java:1212)
at org.testng.TestNG.runSuitesLocally(TestNG.java:1134)
at org.testng.TestNG.runSuites(TestNG.java:1063)
at org.testng.TestNG.run(TestNG.java:1031)
at org.testng.remote.AbstractRemoteTestNG.run(AbstractRemoteTestNG.java:115)
at org.testng.remote.RemoteTestNG.initAndRun(RemoteTestNG.java:251)
at org.testng.remote.RemoteTestNG.main(RemoteTestNG.java:77)
]]>
            </full-stacktrace>
          </exception> <!-- java.io.FileNotFoundException -->
          <reporter-output>
          </reporter-output>
        </test-method> <!-- excelRead -->
        <test-method is-config="true" signature="closeBrowser()[pri:0, instance:com.RestaurentTests.WaiterTest@48f278eb]" started-at="2022-07-06T20:53:07 IST" name="closeBrowser" finished-at="2022-07-06T20:53:08 IST" duration-ms="464" status="PASS">
          <reporter-output>
          </reporter-output>
        </test-method> <!-- closeBrowser -->
      </class> <!-- com.RestaurentTests.WaiterTest -->
    </test> <!-- Test -->
  </suite> <!-- Suite -->
</testng-results>
