<?xml version="1.0" encoding="UTF-8"?>
<!-- Generated by org.testng.reporters.JUnitXMLReporter -->
<testsuite ignored="8" hostname="LAPTOP-4G1ICOQM" failures="1" tests="1" name="Test" time="14.802" errors="0" timestamp="2022-07-06T20:53:08 IST">
  <testcase classname="com.RestaurentTests.WaiterTest" name="excelRead" time="0.037">
    <failure type="java.io.FileNotFoundException" message="C:\Users\chinm\git\Selenium\RestaurentProject\src\main\resources (Access is denied)">
      <![CDATA[java.io.FileNotFoundException: C:\Users\chinm\git\Selenium\RestaurentProject\src\main\resources (Access is denied)
at java.base/java.io.FileInputStream.open0(Native Method)
at java.base/java.io.FileInputStream.open(FileInputStream.java:216)
at java.base/java.io.FileInputStream.<init>(FileInputStream.java:157)
at java.base/java.io.FileInputStream.<init>(FileInputStream.java:111)
at com.DataHandlers.ExcelUtility.setExcelFileSheet(ExcelUtility.java:32)
at com.RestaurentTests.WaiterTest.excelRead(WaiterTest.java:174)
at java.base/java.util.ArrayList.forEach(ArrayList.java:1511)
... Removed 27 stack frames]]>
    </failure>
  </testcase> <!-- excelRead -->
  <testcase classname="com.RestaurentTests.WaiterTest" name="validateEditUserDetails" time="0.0">
    <ignored/>
  </testcase> <!-- validateEditUserDetails -->
  <testcase classname="com.RestaurentTests.WaiterTest" name="validateValidUserSearch" time="0.0">
    <ignored/>
  </testcase> <!-- validateValidUserSearch -->
  <testcase classname="com.RestaurentTests.WaiterTest" name="validateAddNewWaiter" time="0.0">
    <ignored/>
  </testcase> <!-- validateAddNewWaiter -->
  <testcase classname="com.RestaurentTests.WaiterTest" name="validateEditPageFields" time="0.0">
    <ignored/>
  </testcase> <!-- validateEditPageFields -->
  <testcase classname="com.RestaurentTests.WaiterTest" name="validateDeleteWaiter" time="0.0">
    <ignored/>
  </testcase> <!-- validateDeleteWaiter -->
  <testcase classname="com.RestaurentTests.WaiterTest" name="validationOfAddWatierFields" time="0.0">
    <ignored/>
  </testcase> <!-- validationOfAddWatierFields -->
  <testcase classname="com.RestaurentTests.WaiterTest" name="validateWaiterTableHeaders" time="0.0">
    <ignored/>
  </testcase> <!-- validateWaiterTableHeaders -->
  <testcase classname="com.RestaurentTests.WaiterTest" name="validateNullValueSearch" time="0.0">
    <ignored/>
  </testcase> <!-- validateNullValueSearch -->
</testsuite> <!-- Test -->
